<?xml version="1.0" encoding="UTF-8"?>
<testng-results ignored="0" total="1" passed="1" failed="0" skipped="0">
  <reporter-output>
  </reporter-output>
  <suite started-at="2025-10-07T11:40:25 IST" name="Default suite" finished-at="2025-10-07T11:40:28 IST" duration-ms="2691">
    <groups>
    </groups>
    <test started-at="2025-10-07T11:40:25 IST" name="Default test" finished-at="2025-10-07T11:40:28 IST" duration-ms="2691">
      <class name="TestScript">
        <test-method is-config="true" signature="setupReport()[pri:0, instance:TestScript@4afcd809]" started-at="2025-10-07T11:40:11 IST" name="setupReport" finished-at="2025-10-07T11:40:25 IST" duration-ms="14653" status="PASS">
          <reporter-output>
          </reporter-output>
        </test-method> <!-- setupReport -->
        <test-method signature="testLoginAndVerifyHomePage()[pri:1, instance:TestScript@4afcd809]" started-at="2025-10-07T11:40:25 IST" name="testLoginAndVerifyHomePage" finished-at="2025-10-07T11:40:28 IST" duration-ms="2592" status="PASS">
          <reporter-output>
          </reporter-output>
        </test-method> <!-- testLoginAndVerifyHomePage -->
        <test-method is-config="true" signature="tearDown(org.testng.ITestResult)[pri:0, instance:TestScript@4afcd809]" started-at="2025-10-07T11:40:28 IST" name="tearDown" finished-at="2025-10-07T11:40:28 IST" duration-ms="34" status="PASS">
          <params>
            <param index="0">
              <value>
                <![CDATA[[TestResult name=testLoginAndVerifyHomePage status=SUCCESS method=TestScript.testLoginAndVerifyHomePage()[pri:1, instance:TestScript@4afcd809] output={null}]]]>
              </value>
            </param>
          </params>
          <reporter-output>
          </reporter-output>
        </test-method> <!-- tearDown -->
        <test-method is-config="true" signature="flushReport()[pri:0, instance:TestScript@4afcd809]" started-at="2025-10-07T11:40:28 IST" name="flushReport" finished-at="2025-10-07T11:40:30 IST" duration-ms="1181" status="PASS">
          <reporter-output>
          </reporter-output>
        </test-method> <!-- flushReport -->
      </class> <!-- TestScript -->
    </test> <!-- Default test -->
  </suite> <!-- Default suite -->
</testng-results>
