<?xml version="1.0" encoding="UTF-8"?>
<testng-results ignored="0" total="1" passed="1" failed="0" skipped="0">
  <reporter-output>
  </reporter-output>
  <suite started-at="2025-10-03T15:42:55 IST" name="Default suite" finished-at="2025-10-03T15:42:55 IST" duration-ms="47">
    <groups>
    </groups>
    <test started-at="2025-10-03T15:42:55 IST" name="Default test" finished-at="2025-10-03T15:42:55 IST" duration-ms="47">
      <class name="TestScript">
        <test-method is-config="true" signature="setupReport()[pri:0, instance:TestScript@4afcd809]" started-at="2025-10-03T15:42:48 IST" name="setupReport" finished-at="2025-10-03T15:42:55 IST" duration-ms="6508" status="PASS">
          <reporter-output>
          </reporter-output>
        </test-method> <!-- setupReport -->
        <test-method signature="testLogin()[pri:1, instance:TestScript@4afcd809]" started-at="2025-10-03T15:42:55 IST" name="testLogin" finished-at="2025-10-03T15:42:55 IST" duration-ms="14" status="PASS">
          <reporter-output>
          </reporter-output>
        </test-method> <!-- testLogin -->
        <test-method is-config="true" signature="tearDown(org.testng.ITestResult)[pri:0, instance:TestScript@4afcd809]" started-at="2025-10-03T15:42:55 IST" name="tearDown" finished-at="2025-10-03T15:42:55 IST" duration-ms="5" status="PASS">
          <params>
            <param index="0">
              <value>
                <![CDATA[[TestResult name=testLogin status=SUCCESS method=TestScript.testLogin()[pri:1, instance:TestScript@4afcd809] output={null}]]]>
              </value>
            </param>
          </params>
          <reporter-output>
          </reporter-output>
        </test-method> <!-- tearDown -->
        <test-method is-config="true" signature="flushReport()[pri:0, instance:TestScript@4afcd809]" started-at="2025-10-03T15:42:55 IST" name="flushReport" finished-at="2025-10-03T15:42:55 IST" duration-ms="328" status="PASS">
          <reporter-output>
          </reporter-output>
        </test-method> <!-- flushReport -->
      </class> <!-- TestScript -->
    </test> <!-- Default test -->
  </suite> <!-- Default suite -->
</testng-results>
