<?xml version="1.0" encoding="UTF-8"?>
<testng-results ignored="0" total="2" passed="1" failed="1" skipped="0">
  <reporter-output>
  </reporter-output>
  <suite started-at="2025-10-07T12:17:12 IST" name="Default suite" finished-at="2025-10-07T12:17:14 IST" duration-ms="2724">
    <groups>
    </groups>
    <test started-at="2025-10-07T12:17:12 IST" name="Default test" finished-at="2025-10-07T12:17:14 IST" duration-ms="2724">
      <class name="TestScript">
        <test-method is-config="true" signature="setupReport()[pri:0, instance:TestScript@36fc695d]" started-at="2025-10-07T12:17:01 IST" name="setupReport" finished-at="2025-10-07T12:17:12 IST" duration-ms="10948" status="PASS">
          <reporter-output>
          </reporter-output>
        </test-method> <!-- setupReport -->
        <test-method signature="testLoginAndVerifyHomePage()[pri:1, instance:TestScript@36fc695d]" started-at="2025-10-07T12:17:12 IST" name="testLoginAndVerifyHomePage" finished-at="2025-10-07T12:17:14 IST" duration-ms="2650" status="PASS">
          <reporter-output>
          </reporter-output>
        </test-method> <!-- testLoginAndVerifyHomePage -->
        <test-method is-config="true" signature="tearDown(org.testng.ITestResult)[pri:0, instance:TestScript@36fc695d]" started-at="2025-10-07T12:17:14 IST" name="tearDown" finished-at="2025-10-07T12:17:14 IST" duration-ms="11" status="PASS">
          <params>
            <param index="0">
              <value>
                <![CDATA[[TestResult name=testLoginAndVerifyHomePage status=SUCCESS method=TestScript.testLoginAndVerifyHomePage()[pri:1, instance:TestScript@36fc695d] output={null}]]]>
              </value>
            </param>
          </params>
          <reporter-output>
          </reporter-output>
        </test-method> <!-- tearDown -->
        <test-method is-config="true" signature="flushReport()[pri:0, instance:TestScript@36fc695d]" started-at="2025-10-07T12:17:14 IST" name="flushReport" finished-at="2025-10-07T12:17:15 IST" duration-ms="805" status="PASS">
          <reporter-output>
          </reporter-output>
        </test-method> <!-- teardownSuite -->
      </class> <!-- test_Scripts.TestScript_ProjectModule -->
    </test> <!-- Default test -->
  </suite> <!-- Default suite -->
</testng-results>
