<?xml version="1.0" encoding="UTF-8"?>
<!-- Generated by org.testng.reporters.JUnitReportReporter -->
<testsuite hostname="Pavan" failures="0" tests="4" name="pom.testscripts.apartments.projectmodule.WholeProjectCreationTestScript" time="401.313" errors="0" timestamp="2025-11-03T10:24:59 IST" skipped="0">
  <testcase classname="pom.testscripts.apartments.projectmodule.WholeProjectCreationTestScript" name="testLoginAndVerifyHomePage" time="2.881"/>
  <system-out/>
  <testcase classname="pom.testscripts.apartments.projectmodule.WholeProjectCreationTestScript" name="testFullProjectCreationAndChargeOperations" time="74.829"/>
  <system-out/>
  <testcase classname="pom.testscripts.apartments.projectmodule.WholeProjectCreationTestScript" name="testPaymentScheduleOperations" time="70.963"/>
  <system-out/>
  <testcase classname="pom.testscripts.apartments.projectmodule.WholeProjectCreationTestScript" name="testAccessAndOthersPageFlow" time="252.640"/>
  <system-out/>
</testsuite> <!-- pom.testscripts.apartments.projectmodule.WholeProjectCreationTestScript -->
