<?xml version="1.0" encoding="UTF-8"?>
<!-- Generated by org.testng.reporters.JUnitReportReporter -->
<testsuite hostname="Pavan" failures="0" tests="4" name="pom.testscripts.villas.projectmodule.WholeProjectCreationTestScript" time="394.694" errors="0" timestamp="2025-11-03T20:29:51 IST" skipped="0">
  <testcase classname="pom.testscripts.villas.projectmodule.WholeProjectCreationTestScript" name="testLoginAndVerifyHomePage" time="2.341"/>
  <system-out/>
  <testcase classname="pom.testscripts.villas.projectmodule.WholeProjectCreationTestScript" name="testFullProjectCreationAndChargeOperations" time="86.045"/>
  <system-out/>
  <testcase classname="pom.testscripts.villas.projectmodule.WholeProjectCreationTestScript" name="testPaymentScheduleOperations_Villa" time="78.549"/>
  <system-out/>
  <testcase classname="pom.testscripts.villas.projectmodule.WholeProjectCreationTestScript" name="testAccessAndOthersPageFlow" time="227.759"/>
  <system-out/>
</testsuite> <!-- pom.testscripts.villas.projectmodule.WholeProjectCreationTestScript -->
