<?xml version="1.0" encoding="UTF-8"?>
<!-- Generated by org.testng.reporters.JUnitReportReporter -->
<testsuite hostname="Pavan" failures="0" tests="4" name="test_Scripts.TestScript_ProjectModule" time="384.932" errors="0" timestamp="2025-11-02T19:28:45 IST" skipped="0">
  <testcase classname="test_Scripts.TestScript_ProjectModule" name="testLoginAndVerifyHomePage" time="2.577"/>
  <system-out/>
  <testcase classname="test_Scripts.TestScript_ProjectModule" name="testFullProjectCreationAndChargeOperations" time="80.438"/>
  <system-out/>
  <testcase classname="test_Scripts.TestScript_ProjectModule" name="testPaymentScheduleOperations" time="62.997"/>
  <system-out/>
  <testcase classname="test_Scripts.TestScript_ProjectModule" name="testAccessAndOthersPageFlow" time="238.920"/>
  <system-out/>
</testsuite> <!-- test_Scripts.TestScript_ProjectModule -->
