<?xml version="1.0" encoding="UTF-8"?>
<!-- Generated by org.testng.reporters.JUnitReportReporter -->
<testsuite hostname="Pavan" failures="0" tests="4" name="pom.testscripts.apartment.projectmodule.WholeProjectCreationTestScript" time="360.839" errors="0" timestamp="2025-11-03T21:06:21 IST" skipped="0">
  <testcase classname="pom.testscripts.apartment.projectmodule.WholeProjectCreationTestScript" name="testLoginAndVerifyHomePage" time="2.700"/>
  <system-out/>
  <testcase classname="pom.testscripts.apartment.projectmodule.WholeProjectCreationTestScript" name="testFullProjectCreationAndChargeOperations" time="81.317"/>
  <system-out/>
  <testcase classname="pom.testscripts.apartment.projectmodule.WholeProjectCreationTestScript" name="testPaymentScheduleOperations_ApartmentPlot" time="43.213"/>
  <system-out/>
  <testcase classname="pom.testscripts.apartment.projectmodule.WholeProjectCreationTestScript" name="testAccessAndOthersPageFlow" time="233.609"/>
  <system-out/>
</testsuite> <!-- pom.testscripts.apartment.projectmodule.WholeProjectCreationTestScript -->
