<?xml version="1.0" encoding="UTF-8"?>
<!-- Generated by org.testng.reporters.JUnitReportReporter -->
<testsuite hostname="Pavan" failures="0" tests="4" name="pom.testscripts.plots.projectmodule.ExistingProjectTestScriptForApartment" time="79.153" errors="1" timestamp="2025-11-07T12:06:28 IST" skipped="0">
  <testcase classname="pom.testscripts.plots.projectmodule.ExistingProjectTestScriptForApartment" name="testLoginAndVerifyHomePage" time="2.853"/>
  <system-out/>
  <testcase classname="pom.testscripts.plots.projectmodule.ExistingProjectTestScriptForApartment" name="testViewExistingProject" time="12.371"/>
  <system-out/>
  <testcase classname="pom.testscripts.plots.projectmodule.ExistingProjectTestScriptForApartment" name="testUpdateProjectSetup" time="20.732"/>
  <system-out/>
  <testcase classname="pom.testscripts.plots.projectmodule.ExistingProjectTestScriptForApartment" name="testUpdateProjectCostSetup" time="43.197">
    <error message="Failed to add charge: Test Data" type="java.lang.RuntimeException">
      <![CDATA[java.lang.RuntimeException: Failed to add charge: Test Data
at pom.pageobjectclasses.plots.projectmodule.UpdateCostSetupPage.handleAddCharges(UpdateCostSetupPage.java:181)
at pom.pageobjectclasses.plots.projectmodule.UpdateCostSetupPage.fillEntireForm(UpdateCostSetupPage.java:73)
at pom.testscripts.plots.projectmodule.ExistingProjectTestScriptForApartment.testUpdateProjectCostSetup(ExistingProjectTestScriptForApartment.java:137)
at java.base/jdk.internal.reflect.DirectMethodHandleAccessor.invoke(DirectMethodHandleAccessor.java:103)
at java.base/java.lang.reflect.Method.invoke(Method.java:580)
at org.testng.internal.MethodInvocationHelper.invokeMethod(MethodInvocationHelper.java:133)
at org.testng.internal.TestInvoker.invokeMethod(TestInvoker.java:598)
at org.testng.internal.TestInvoker.invokeTestMethod(TestInvoker.java:173)
at org.testng.internal.MethodRunner.runInSequence(MethodRunner.java:46)
at org.testng.internal.TestInvoker$MethodInvocationAgent.invoke(TestInvoker.java:824)
at org.testng.internal.TestInvoker.invokeTestMethods(TestInvoker.java:146)
at org.testng.internal.TestMethodWorker.invokeTestMethods(TestMethodWorker.java:146)
at org.testng.internal.TestMethodWorker.run(TestMethodWorker.java:128)
at java.base/java.util.ArrayList.forEach(ArrayList.java:1597)
at org.testng.TestRunner.privateRun(TestRunner.java:794)
at org.testng.TestRunner.run(TestRunner.java:596)
at org.testng.SuiteRunner.runTest(SuiteRunner.java:377)
at org.testng.SuiteRunner.runSequentially(SuiteRunner.java:371)
at org.testng.SuiteRunner.privateRun(SuiteRunner.java:332)
at org.testng.SuiteRunner.run(SuiteRunner.java:276)
at org.testng.SuiteRunnerWorker.runSuite(SuiteRunnerWorker.java:53)
at org.testng.SuiteRunnerWorker.run(SuiteRunnerWorker.java:96)
at org.testng.TestNG.runSuitesSequentially(TestNG.java:1212)
at org.testng.TestNG.runSuitesLocally(TestNG.java:1134)
at org.testng.TestNG.runSuites(TestNG.java:1063)
at org.testng.TestNG.run(TestNG.java:1031)
at org.testng.remote.AbstractRemoteTestNG.run(AbstractRemoteTestNG.java:115)
at org.testng.remote.RemoteTestNG.initAndRun(RemoteTestNG.java:293)
at org.testng.remote.RemoteTestNG.main(RemoteTestNG.java:91)
Caused by: java.lang.RuntimeException: âŒ Failed to select 'Test Data' from custom dropdown. Locator: By.xpath: //label[normalize-space(text())='Charges For*']/following-sibling::button. Error: Expected condition failed: waiting for element to be clickable: By.xpath: //div[@role='dialog']//*[contains(text(),'Test Data')] | //div[@role='presentation']//*[contains(text(),'Test Data')] | //div[contains(text(),'Test Data')] (tried for 30 second(s) with 500 milliseconds interval)
Build info: version: '4.26.0', revision: '8ccf0219d7'
System info: os.name: 'Windows 11', os.arch: 'amd64', os.version: '10.0', java.version: '23.0.1'
Driver info: org.openqa.selenium.chrome.ChromeDriver
Capabilities {acceptInsecureCerts: false, browserName: chrome, browserVersion: 141.0.7390.123, chrome: {chromedriverVersion: 141.0.7390.122 (b477534e7e1..., userDataDir: C:\Users\pavan\AppData\Loca...}, fedcm:accounts: true, goog:chromeOptions: {debuggerAddress: localhost:62512}, networkConnectionEnabled: false, pageLoadStrategy: normal, platformName: windows, proxy: Proxy(), se:cdp: ws://localhost:62512/devtoo..., se:cdpVersion: 141.0.7390.123, setWindowRect: true, strictFileInteractability: false, timeouts: {implicit: 0, pageLoad: 300000, script: 30000}, unhandledPromptBehavior: dismiss and notify, webauthn:extension:credBlob: true, webauthn:extension:largeBlob: true, webauthn:extension:minPinLength: true, webauthn:extension:prf: true, webauthn:virtualAuthenticators: true}
Session ID: 132f673bda7223abe895972d0cb15d67
at pom.pageobjectclasses.plots.projectmodule.UpdateCostSetupPage.selectCustomDropdown(UpdateCostSetupPage.java:497)
at pom.pageobjectclasses.plots.projectmodule.UpdateCostSetupPage.handleAddCharges(UpdateCostSetupPage.java:153)
... 28 more
Caused by: org.openqa.selenium.TimeoutException: Expected condition failed: waiting for element to be clickable: By.xpath: //div[@role='dialog']//*[contains(text(),'Test Data')] | //div[@role='presentation']//*[contains(text(),'Test Data')] | //div[contains(text(),'Test Data')] (tried for 30 second(s) with 500 milliseconds interval)
Build info: version: '4.26.0', revision: '8ccf0219d7'
System info: os.name: 'Windows 11', os.arch: 'amd64', os.version: '10.0', java.version: '23.0.1'
Driver info: org.openqa.selenium.chrome.ChromeDriver
Capabilities {acceptInsecureCerts: false, browserName: chrome, browserVersion: 141.0.7390.123, chrome: {chromedriverVersion: 141.0.7390.122 (b477534e7e1..., userDataDir: C:\Users\pavan\AppData\Loca...}, fedcm:accounts: true, goog:chromeOptions: {debuggerAddress: localhost:62512}, networkConnectionEnabled: false, pageLoadStrategy: normal, platformName: windows, proxy: Proxy(), se:cdp: ws://localhost:62512/devtoo..., se:cdpVersion: 141.0.7390.123, setWindowRect: true, strictFileInteractability: false, timeouts: {implicit: 0, pageLoad: 300000, script: 30000}, unhandledPromptBehavior: dismiss and notify, webauthn:extension:credBlob: true, webauthn:extension:largeBlob: true, webauthn:extension:minPinLength: true, webauthn:extension:prf: true, webauthn:virtualAuthenticators: true}
Session ID: 132f673bda7223abe895972d0cb15d67
at org.openqa.selenium.support.ui.WebDriverWait.timeoutException(WebDriverWait.java:84)
at org.openqa.selenium.support.ui.FluentWait.until(FluentWait.java:228)
at pom.pageobjectclasses.plots.projectmodule.UpdateCostSetupPage.selectCustomDropdown(UpdateCostSetupPage.java:488)
... 29 more
]]>
    </error>
  </testcase> <!-- testUpdateProjectCostSetup -->
  <system-out/>
</testsuite> <!-- pom.testscripts.plots.projectmodule.ExistingProjectTestScriptForApartment -->
